<?xml version="1.0" encoding="UTF-8"?>
<testng-results skipped="0" failed="0" ignored="0" total="2" passed="2">
  <reporter-output>
  </reporter-output>
  <suite name="Surefire suite" duration-ms="17" started-at="2019-06-11T21:23:21Z" finished-at="2019-06-11T21:23:21Z">
    <groups>
    </groups>
    <test name="Surefire test" duration-ms="17" started-at="2019-06-11T21:23:21Z" finished-at="2019-06-11T21:23:21Z">
      <class name="qaclickacademy.AppiumTest">
        <test-method status="PASS" signature="IOSapps()[pri:0, instance:qaclickacademy.AppiumTest@2d3fcdbd]" name="IOSapps" duration-ms="5" started-at="2019-06-11T21:23:21Z" finished-at="2019-06-11T21:23:21Z">
          <reporter-output>
          </reporter-output>
        </test-method> <!-- IOSapps -->
        <test-method status="PASS" signature="NavtiveAPpAndriod()[pri:0, instance:qaclickacademy.AppiumTest@2d3fcdbd]" name="NavtiveAPpAndriod" duration-ms="1" started-at="2019-06-11T21:23:21Z" finished-at="2019-06-11T21:23:21Z">
          <reporter-output>
          </reporter-output>
        </test-method> <!-- NavtiveAPpAndriod -->
      </class> <!-- qaclickacademy.AppiumTest -->
    </test> <!-- Surefire test -->
  </suite> <!-- Surefire suite -->
</testng-results>
