<?xml version="1.0" encoding="UTF-8"?>
<testng-results skipped="0" failed="0" ignored="0" total="2" passed="2">
  <reporter-output>
  </reporter-output>
  <suite name="Default suite" duration-ms="32" started-at="2019-06-11T21:20:33Z" finished-at="2019-06-11T21:20:33Z">
    <groups>
    </groups>
    <test name="Default test" duration-ms="32" started-at="2019-06-11T21:20:33Z" finished-at="2019-06-11T21:20:33Z">
      <class name="qaclickacademy.AppiumTest">
        <test-method status="PASS" signature="IOSapps()[pri:0, instance:qaclickacademy.AppiumTest@14bf9759]" name="IOSapps" duration-ms="7" started-at="2019-06-11T21:20:33Z" finished-at="2019-06-11T21:20:33Z">
          <reporter-output>
          </reporter-output>
        </test-method> <!-- IOSapps -->
        <test-method status="PASS" signature="NavtiveAPpAndriod()[pri:0, instance:qaclickacademy.AppiumTest@14bf9759]" name="NavtiveAPpAndriod" duration-ms="1" started-at="2019-06-11T21:20:33Z" finished-at="2019-06-11T21:20:33Z">
          <reporter-output>
          </reporter-output>
        </test-method> <!-- NavtiveAPpAndriod -->
      </class> <!-- qaclickacademy.AppiumTest -->
    </test> <!-- Default test -->
  </suite> <!-- Default suite -->
</testng-results>
